SF:lib\components\register_form.dart
DA:6,2
DA:8,1
DA:9,1
DA:15,1
DA:16,3
DA:17,2
DA:18,1
DA:23,1
DA:25,1
DA:26,1
DA:27,1
DA:28,1
DA:29,1
DA:30,1
DA:31,1
DA:32,1
DA:33,1
DA:34,1
DA:38,1
DA:39,1
DA:40,1
DA:41,1
DA:42,1
DA:46,1
DA:47,1
DA:49,1
DA:50,1
DA:52,1
DA:53,1
DA:54,1
DA:58,1
DA:59,1
DA:60,1
DA:61,1
DA:62,1
DA:63,1
DA:67,1
DA:68,1
DA:69,1
DA:70,1
DA:72,2
LF:41
LH:41
end_of_record
SF:lib\views\login_view.dart
DA:5,1
DA:8,2
DA:10,1
DA:11,1
DA:17,1
DA:18,2
DA:19,1
DA:20,2
DA:24,1
DA:26,1
DA:27,1
DA:28,1
DA:29,1
DA:30,1
DA:32,1
DA:33,1
DA:34,1
DA:35,1
DA:36,1
DA:37,1
DA:39,1
DA:40,2
DA:41,3
DA:45,2
DA:46,1
DA:47,1
DA:51,1
DA:53,1
DA:54,1
DA:55,2
DA:59,1
DA:60,1
DA:61,1
DA:62,2
DA:63,1
DA:64,2
DA:68,3
DA:70,1
LF:38
LH:38
end_of_record
SF:lib\components\login_form.dart
DA:6,2
DA:8,1
DA:9,1
DA:15,1
DA:16,3
DA:17,3
DA:18,2
DA:19,1
DA:24,1
DA:26,1
DA:27,1
DA:28,1
DA:29,1
DA:30,1
DA:31,1
DA:32,1
DA:33,1
DA:34,1
DA:39,1
DA:41,1
DA:42,1
DA:43,1
DA:44,1
DA:47,1
DA:49,1
DA:50,1
DA:53,1
DA:54,1
DA:55,1
DA:56,1
DA:58,2
LF:31
LH:31
end_of_record
SF:lib\utils\validate_email.dart
DA:1,1
DA:4,1
DA:5,1
LF:3
LH:3
end_of_record
